<?xml version="1.0" encoding="UTF-8"?>
<testng-results skipped="0" failed="1" total="1" passed="0">
  <reporter-output>
  </reporter-output>
  <suite name="Default suite" duration-ms="6928" started-at="2013-09-08T14:39:32Z" finished-at="2013-09-08T14:39:39Z">
    <groups>
    </groups>
    <test name="Default test" duration-ms="6928" started-at="2013-09-08T14:39:32Z" finished-at="2013-09-08T14:39:39Z">
      <class name="br.com.poc.MinaCamelFlowTest">
        <test-method status="PASS" signature="before()[pri:0, instance:br.com.poc.MinaCamelFlowTest@59b746f]" name="before" is-config="true" duration-ms="312" started-at="2013-09-08T11:39:32Z" finished-at="2013-09-08T11:39:32Z">
          <reporter-output>
          </reporter-output>
        </test-method> <!-- before -->
        <test-method status="PASS" signature="init()[pri:0, instance:br.com.poc.MinaCamelFlowTest@59b746f]" name="init" is-config="true" duration-ms="535" started-at="2013-09-08T11:39:32Z" finished-at="2013-09-08T11:39:32Z">
          <reporter-output>
          </reporter-output>
        </test-method> <!-- init -->
        <test-method status="FAIL" signature="testSimpleModelBody()[pri:0, instance:br.com.poc.MinaCamelFlowTest@59b746f]" name="testSimpleModelBody" duration-ms="55" started-at="2013-09-08T11:39:33Z" finished-at="2013-09-08T11:39:33Z">
          <exception class="java.lang.AssertionError">
            <message>
              <![CDATA[expected object to not be null]]>
            </message>
            <full-stacktrace>
              <![CDATA[java.lang.AssertionError: expected object to not be null
	at org.testng.Assert.fail(Assert.java:94)
	at org.testng.Assert.assertNotNull(Assert.java:404)
	at org.testng.Assert.assertNotNull(Assert.java:389)
	at br.com.poc.MinaCamelFlowTest.testSimpleModelBody(MinaCamelFlowTest.java:95)
	at sun.reflect.NativeMethodAccessorImpl.invoke0(Native Method)
	at sun.reflect.NativeMethodAccessorImpl.invoke(NativeMethodAccessorImpl.java:57)
	at sun.reflect.DelegatingMethodAccessorImpl.invoke(DelegatingMethodAccessorImpl.java:43)
	at java.lang.reflect.Method.invoke(Method.java:601)
	at org.testng.internal.MethodInvocationHelper.invokeMethod(MethodInvocationHelper.java:84)
	at org.testng.internal.Invoker.invokeMethod(Invoker.java:714)
	at org.testng.internal.Invoker.invokeTestMethod(Invoker.java:901)
	at org.testng.internal.Invoker.invokeTestMethods(Invoker.java:1231)
	at org.testng.internal.TestMethodWorker.invokeTestMethods(TestMethodWorker.java:127)
	at org.testng.internal.TestMethodWorker.run(TestMethodWorker.java:111)
	at org.testng.TestRunner.privateRun(TestRunner.java:767)
	at org.testng.TestRunner.run(TestRunner.java:617)
	at org.testng.SuiteRunner.runTest(SuiteRunner.java:334)
	at org.testng.SuiteRunner.runSequentially(SuiteRunner.java:329)
	at org.testng.SuiteRunner.privateRun(SuiteRunner.java:291)
	at org.testng.SuiteRunner.run(SuiteRunner.java:240)
	at org.testng.SuiteRunnerWorker.runSuite(SuiteRunnerWorker.java:52)
	at org.testng.SuiteRunnerWorker.run(SuiteRunnerWorker.java:86)
	at org.testng.TestNG.runSuitesSequentially(TestNG.java:1224)
	at org.testng.TestNG.runSuitesLocally(TestNG.java:1149)
	at org.testng.TestNG.run(TestNG.java:1057)
	at org.testng.remote.RemoteTestNG.run(RemoteTestNG.java:111)
	at org.testng.remote.RemoteTestNG.initAndRun(RemoteTestNG.java:204)
	at org.testng.remote.RemoteTestNG.main(RemoteTestNG.java:175)
]]>
            </full-stacktrace>
          </exception> <!-- java.lang.AssertionError -->
          <reporter-output>
          </reporter-output>
        </test-method> <!-- testSimpleModelBody -->
        <test-method status="PASS" signature="end()[pri:0, instance:br.com.poc.MinaCamelFlowTest@59b746f]" name="end" is-config="true" duration-ms="3011" started-at="2013-09-08T11:39:33Z" finished-at="2013-09-08T11:39:36Z">
          <reporter-output>
          </reporter-output>
        </test-method> <!-- end -->
        <test-method status="PASS" signature="after()[pri:0, instance:br.com.poc.MinaCamelFlowTest@59b746f]" name="after" is-config="true" duration-ms="3000" started-at="2013-09-08T11:39:36Z" finished-at="2013-09-08T11:39:39Z">
          <reporter-output>
          </reporter-output>
        </test-method> <!-- after -->
      </class> <!-- br.com.poc.MinaCamelFlowTest -->
    </test> <!-- Default test -->
  </suite> <!-- Default suite -->
</testng-results>
